{"C:\\Users\\Koulu\\Desktop\\Fullstack\\fullstack-websovelluskehitys2020\\osa5\\bloglist-frontend\\src\\App.js": {"path":"C:\\Users\\Koulu\\Desktop\\Fullstack\\fullstack-websovelluskehitys2020\\osa5\\bloglist-frontend\\src\\App.js","statementMap":{"0":{"start":{"line":9,"column":12},"end":{"line":119,"column":1}},"1":{"start":{"line":10,"column":42},"end":{"line":10,"column":56}},"2":{"start":{"line":11,"column":32},"end":{"line":11,"column":46}},"3":{"start":{"line":12,"column":28},"end":{"line":12,"column":40}},"4":{"start":{"line":13,"column":34},"end":{"line":13,"column":46}},"5":{"start":{"line":14,"column":34},"end":{"line":14,"column":46}},"6":{"start":{"line":15,"column":26},"end":{"line":15,"column":40}},"7":{"start":{"line":17,"column":2},"end":{"line":19,"column":8}},"8":{"start":{"line":18,"column":4},"end":{"line":18,"column":57}},"9":{"start":{"line":18,"column":41},"end":{"line":18,"column":56}},"10":{"start":{"line":21,"column":2},"end":{"line":28,"column":8}},"11":{"start":{"line":22,"column":27},"end":{"line":22,"column":75}},"12":{"start":{"line":23,"column":4},"end":{"line":27,"column":5}},"13":{"start":{"line":24,"column":19},"end":{"line":24,"column":45}},"14":{"start":{"line":25,"column":6},"end":{"line":25,"column":19}},"15":{"start":{"line":26,"column":6},"end":{"line":26,"column":38}},"16":{"start":{"line":30,"column":23},"end":{"line":35,"column":3}},"17":{"start":{"line":31,"column":4},"end":{"line":33,"column":5}},"18":{"start":{"line":32,"column":6},"end":{"line":32,"column":17}},"19":{"start":{"line":34,"column":4},"end":{"line":34,"column":49}},"20":{"start":{"line":37,"column":22},"end":{"line":55,"column":3}},"21":{"start":{"line":38,"column":4},"end":{"line":38,"column":26}},"22":{"start":{"line":39,"column":4},"end":{"line":54,"column":5}},"23":{"start":{"line":40,"column":19},"end":{"line":43,"column":8}},"24":{"start":{"line":44,"column":6},"end":{"line":44,"column":76}},"25":{"start":{"line":45,"column":6},"end":{"line":45,"column":38}},"26":{"start":{"line":46,"column":6},"end":{"line":46,"column":19}},"27":{"start":{"line":47,"column":6},"end":{"line":47,"column":21}},"28":{"start":{"line":48,"column":6},"end":{"line":48,"column":21}},"29":{"start":{"line":50,"column":6},"end":{"line":50,"column":42}},"30":{"start":{"line":51,"column":6},"end":{"line":53,"column":14}},"31":{"start":{"line":52,"column":8},"end":{"line":52,"column":29}},"32":{"start":{"line":57,"column":18},"end":{"line":65,"column":3}},"33":{"start":{"line":58,"column":4},"end":{"line":64,"column":6}},"34":{"start":{"line":59,"column":6},"end":{"line":59,"column":42}},"35":{"start":{"line":60,"column":6},"end":{"line":60,"column":80}},"36":{"start":{"line":61,"column":6},"end":{"line":63,"column":14}},"37":{"start":{"line":62,"column":8},"end":{"line":62,"column":24}},"38":{"start":{"line":67,"column":17},"end":{"line":71,"column":3}},"39":{"start":{"line":68,"column":4},"end":{"line":68,"column":31}},"40":{"start":{"line":69,"column":4},"end":{"line":69,"column":17}},"41":{"start":{"line":70,"column":4},"end":{"line":70,"column":19}},"42":{"start":{"line":73,"column":19},"end":{"line":77,"column":3}},"43":{"start":{"line":74,"column":4},"end":{"line":76,"column":16}},"44":{"start":{"line":79,"column":20},"end":{"line":89,"column":3}},"45":{"start":{"line":80,"column":4},"end":{"line":88,"column":16}},"46":{"start":{"line":84,"column":46},"end":{"line":84,"column":71}},"47":{"start":{"line":85,"column":46},"end":{"line":85,"column":71}},"48":{"start":{"line":91,"column":2},"end":{"line":118,"column":3}},"49":{"start":{"line":104,"column":35},"end":{"line":104,"column":43}},"50":{"start":{"line":111,"column":28},"end":{"line":111,"column":45}},"51":{"start":{"line":113,"column":14},"end":{"line":113,"column":48}}},"fnMap":{"0":{"name":"(anonymous_0)","decl":{"start":{"line":9,"column":12},"end":{"line":9,"column":13}},"loc":{"start":{"line":9,"column":18},"end":{"line":119,"column":1}},"line":9},"1":{"name":"(anonymous_1)","decl":{"start":{"line":17,"column":12},"end":{"line":17,"column":13}},"loc":{"start":{"line":17,"column":18},"end":{"line":19,"column":3}},"line":17},"2":{"name":"(anonymous_2)","decl":{"start":{"line":18,"column":30},"end":{"line":18,"column":31}},"loc":{"start":{"line":18,"column":41},"end":{"line":18,"column":56}},"line":18},"3":{"name":"(anonymous_3)","decl":{"start":{"line":21,"column":12},"end":{"line":21,"column":13}},"loc":{"start":{"line":21,"column":18},"end":{"line":28,"column":3}},"line":21},"4":{"name":"(anonymous_4)","decl":{"start":{"line":30,"column":23},"end":{"line":30,"column":24}},"loc":{"start":{"line":30,"column":40},"end":{"line":35,"column":3}},"line":30},"5":{"name":"(anonymous_5)","decl":{"start":{"line":37,"column":22},"end":{"line":37,"column":23}},"loc":{"start":{"line":37,"column":39},"end":{"line":55,"column":3}},"line":37},"6":{"name":"(anonymous_6)","decl":{"start":{"line":51,"column":17},"end":{"line":51,"column":18}},"loc":{"start":{"line":51,"column":23},"end":{"line":53,"column":7}},"line":51},"7":{"name":"(anonymous_7)","decl":{"start":{"line":57,"column":18},"end":{"line":57,"column":19}},"loc":{"start":{"line":57,"column":34},"end":{"line":65,"column":3}},"line":57},"8":{"name":"(anonymous_8)","decl":{"start":{"line":58,"column":40},"end":{"line":58,"column":41}},"loc":{"start":{"line":58,"column":58},"end":{"line":64,"column":5}},"line":58},"9":{"name":"(anonymous_9)","decl":{"start":{"line":61,"column":17},"end":{"line":61,"column":18}},"loc":{"start":{"line":61,"column":23},"end":{"line":63,"column":7}},"line":61},"10":{"name":"(anonymous_10)","decl":{"start":{"line":67,"column":17},"end":{"line":67,"column":18}},"loc":{"start":{"line":67,"column":23},"end":{"line":71,"column":3}},"line":67},"11":{"name":"(anonymous_11)","decl":{"start":{"line":73,"column":19},"end":{"line":73,"column":20}},"loc":{"start":{"line":74,"column":4},"end":{"line":76,"column":16}},"line":74},"12":{"name":"(anonymous_12)","decl":{"start":{"line":79,"column":20},"end":{"line":79,"column":21}},"loc":{"start":{"line":80,"column":4},"end":{"line":88,"column":16}},"line":80},"13":{"name":"(anonymous_13)","decl":{"start":{"line":84,"column":30},"end":{"line":84,"column":31}},"loc":{"start":{"line":84,"column":46},"end":{"line":84,"column":71}},"line":84},"14":{"name":"(anonymous_14)","decl":{"start":{"line":85,"column":30},"end":{"line":85,"column":31}},"loc":{"start":{"line":85,"column":46},"end":{"line":85,"column":71}},"line":85},"15":{"name":"(anonymous_15)","decl":{"start":{"line":104,"column":29},"end":{"line":104,"column":30}},"loc":{"start":{"line":104,"column":35},"end":{"line":104,"column":43}},"line":104},"16":{"name":"(anonymous_16)","decl":{"start":{"line":111,"column":18},"end":{"line":111,"column":19}},"loc":{"start":{"line":111,"column":28},"end":{"line":111,"column":45}},"line":111},"17":{"name":"(anonymous_17)","decl":{"start":{"line":112,"column":17},"end":{"line":112,"column":18}},"loc":{"start":{"line":113,"column":14},"end":{"line":113,"column":48}},"line":113}},"branchMap":{"0":{"loc":{"start":{"line":23,"column":4},"end":{"line":27,"column":5}},"type":"if","locations":[{"start":{"line":23,"column":4},"end":{"line":27,"column":5}},{"start":{"line":23,"column":4},"end":{"line":27,"column":5}}],"line":23},"1":{"loc":{"start":{"line":31,"column":4},"end":{"line":33,"column":5}},"type":"if","locations":[{"start":{"line":31,"column":4},"end":{"line":33,"column":5}},{"start":{"line":31,"column":4},"end":{"line":33,"column":5}}],"line":31},"2":{"loc":{"start":{"line":95,"column":29},"end":{"line":95,"column":75}},"type":"cond-expr","locations":[{"start":{"line":95,"column":53},"end":{"line":95,"column":60}},{"start":{"line":95,"column":63},"end":{"line":95,"column":75}}],"line":95},"3":{"loc":{"start":{"line":98,"column":7},"end":{"line":116,"column":7}},"type":"cond-expr","locations":[{"start":{"line":99,"column":8},"end":{"line":99,"column":19}},{"start":{"line":101,"column":8},"end":{"line":115,"column":14}}],"line":98}},"s":{"0":0,"1":0,"2":0,"3":0,"4":0,"5":0,"6":0,"7":0,"8":0,"9":0,"10":0,"11":0,"12":0,"13":0,"14":0,"15":0,"16":0,"17":0,"18":0,"19":0,"20":0,"21":0,"22":0,"23":0,"24":0,"25":0,"26":0,"27":0,"28":0,"29":0,"30":0,"31":0,"32":0,"33":0,"34":0,"35":0,"36":0,"37":0,"38":0,"39":0,"40":0,"41":0,"42":0,"43":0,"44":0,"45":0,"46":0,"47":0,"48":0,"49":0,"50":0,"51":0},"f":{"0":0,"1":0,"2":0,"3":0,"4":0,"5":0,"6":0,"7":0,"8":0,"9":0,"10":0,"11":0,"12":0,"13":0,"14":0,"15":0,"16":0,"17":0},"b":{"0":[0,0],"1":[0,0],"2":[0,0],"3":[0,0]},"hash":"9f1105a5b53b286493f8c238a02c8bed5b11766a"}
,"C:\\Users\\Koulu\\Desktop\\Fullstack\\fullstack-websovelluskehitys2020\\osa5\\bloglist-frontend\\src\\index.js": {"path":"C:\\Users\\Koulu\\Desktop\\Fullstack\\fullstack-websovelluskehitys2020\\osa5\\bloglist-frontend\\src\\index.js","statementMap":{"0":{"start":{"line":5,"column":0},"end":{"line":5,"column":57}}},"fnMap":{},"branchMap":{},"s":{"0":0},"f":{},"b":{},"hash":"b96fd9efee13bdc1b1450ead36cbd7c162a5a70e"}
,"C:\\Users\\Koulu\\Desktop\\Fullstack\\fullstack-websovelluskehitys2020\\osa5\\bloglist-frontend\\src\\components\\Blog.js": {"path":"C:\\Users\\Koulu\\Desktop\\Fullstack\\fullstack-websovelluskehitys2020\\osa5\\bloglist-frontend\\src\\components\\Blog.js","statementMap":{"0":{"start":{"line":4,"column":13},"end":{"line":62,"column":1}},"1":{"start":{"line":5,"column":42},"end":{"line":5,"column":56}},"2":{"start":{"line":7,"column":20},"end":{"line":13,"column":3}},"3":{"start":{"line":15,"column":18},"end":{"line":25,"column":3}},"4":{"start":{"line":16,"column":20},"end":{"line":22,"column":5}},"5":{"start":{"line":24,"column":4},"end":{"line":24,"column":40}},"6":{"start":{"line":27,"column":17},"end":{"line":31,"column":3}},"7":{"start":{"line":28,"column":4},"end":{"line":30,"column":5}},"8":{"start":{"line":29,"column":6},"end":{"line":29,"column":33}},"9":{"start":{"line":33,"column":2},"end":{"line":61,"column":3}},"10":{"start":{"line":38,"column":33},"end":{"line":38,"column":55}},"11":{"start":{"line":43,"column":33},"end":{"line":43,"column":54}},"12":{"start":{"line":49,"column":53},"end":{"line":49,"column":62}},"13":{"start":{"line":54,"column":35},"end":{"line":54,"column":43}}},"fnMap":{"0":{"name":"(anonymous_0)","decl":{"start":{"line":4,"column":13},"end":{"line":4,"column":14}},"loc":{"start":{"line":4,"column":27},"end":{"line":62,"column":1}},"line":4},"1":{"name":"(anonymous_1)","decl":{"start":{"line":15,"column":18},"end":{"line":15,"column":19}},"loc":{"start":{"line":15,"column":24},"end":{"line":25,"column":3}},"line":15},"2":{"name":"(anonymous_2)","decl":{"start":{"line":27,"column":17},"end":{"line":27,"column":18}},"loc":{"start":{"line":27,"column":23},"end":{"line":31,"column":3}},"line":27},"3":{"name":"(anonymous_3)","decl":{"start":{"line":38,"column":27},"end":{"line":38,"column":28}},"loc":{"start":{"line":38,"column":33},"end":{"line":38,"column":55}},"line":38},"4":{"name":"(anonymous_4)","decl":{"start":{"line":43,"column":27},"end":{"line":43,"column":28}},"loc":{"start":{"line":43,"column":33},"end":{"line":43,"column":54}},"line":43},"5":{"name":"(anonymous_5)","decl":{"start":{"line":49,"column":47},"end":{"line":49,"column":48}},"loc":{"start":{"line":49,"column":53},"end":{"line":49,"column":62}},"line":49},"6":{"name":"(anonymous_6)","decl":{"start":{"line":54,"column":29},"end":{"line":54,"column":30}},"loc":{"start":{"line":54,"column":35},"end":{"line":54,"column":43}},"line":54}},"branchMap":{"0":{"loc":{"start":{"line":28,"column":4},"end":{"line":30,"column":5}},"type":"if","locations":[{"start":{"line":28,"column":4},"end":{"line":30,"column":5}},{"start":{"line":28,"column":4},"end":{"line":30,"column":5}}],"line":28},"1":{"loc":{"start":{"line":35,"column":7},"end":{"line":59,"column":7}},"type":"cond-expr","locations":[{"start":{"line":36,"column":8},"end":{"line":39,"column":14}},{"start":{"line":41,"column":8},"end":{"line":58,"column":14}}],"line":35},"2":{"loc":{"start":{"line":51,"column":11},"end":{"line":57,"column":11}},"type":"cond-expr","locations":[{"start":{"line":54,"column":12},"end":{"line":54,"column":60}},{"start":{"line":56,"column":12},"end":{"line":56,"column":23}}],"line":51}},"s":{"0":1,"1":1,"2":1,"3":1,"4":0,"5":0,"6":1,"7":0,"8":0,"9":1,"10":0,"11":0,"12":0,"13":0},"f":{"0":1,"1":0,"2":0,"3":0,"4":0,"5":0,"6":0},"b":{"0":[0,0],"1":[1,0],"2":[0,0]},"_coverageSchema":"43e27e138ebf9cfc5966b082cf9a028302ed4184","hash":"08700d36599ce6a574785b920274f286ab60155f"}
,"C:\\Users\\Koulu\\Desktop\\Fullstack\\fullstack-websovelluskehitys2020\\osa5\\bloglist-frontend\\src\\components\\BlogForm.js": {"path":"C:\\Users\\Koulu\\Desktop\\Fullstack\\fullstack-websovelluskehitys2020\\osa5\\bloglist-frontend\\src\\components\\BlogForm.js","statementMap":{"0":{"start":{"line":3,"column":17},"end":{"line":52,"column":1}},"1":{"start":{"line":4,"column":36},"end":{"line":4,"column":48}},"2":{"start":{"line":5,"column":38},"end":{"line":5,"column":50}},"3":{"start":{"line":6,"column":32},"end":{"line":6,"column":44}},"4":{"start":{"line":8,"column":18},"end":{"line":18,"column":3}},"5":{"start":{"line":9,"column":4},"end":{"line":9,"column":26}},"6":{"start":{"line":10,"column":4},"end":{"line":14,"column":6}},"7":{"start":{"line":15,"column":4},"end":{"line":15,"column":20}},"8":{"start":{"line":16,"column":4},"end":{"line":16,"column":21}},"9":{"start":{"line":17,"column":4},"end":{"line":17,"column":18}},"10":{"start":{"line":20,"column":2},"end":{"line":51,"column":3}},"11":{"start":{"line":29,"column":38},"end":{"line":29,"column":64}},"12":{"start":{"line":37,"column":38},"end":{"line":37,"column":65}},"13":{"start":{"line":45,"column":38},"end":{"line":45,"column":62}}},"fnMap":{"0":{"name":"(anonymous_0)","decl":{"start":{"line":3,"column":17},"end":{"line":3,"column":18}},"loc":{"start":{"line":3,"column":37},"end":{"line":52,"column":1}},"line":3},"1":{"name":"(anonymous_1)","decl":{"start":{"line":8,"column":18},"end":{"line":8,"column":19}},"loc":{"start":{"line":8,"column":29},"end":{"line":18,"column":3}},"line":8},"2":{"name":"(anonymous_2)","decl":{"start":{"line":29,"column":22},"end":{"line":29,"column":23}},"loc":{"start":{"line":29,"column":38},"end":{"line":29,"column":64}},"line":29},"3":{"name":"(anonymous_3)","decl":{"start":{"line":37,"column":22},"end":{"line":37,"column":23}},"loc":{"start":{"line":37,"column":38},"end":{"line":37,"column":65}},"line":37},"4":{"name":"(anonymous_4)","decl":{"start":{"line":45,"column":22},"end":{"line":45,"column":23}},"loc":{"start":{"line":45,"column":38},"end":{"line":45,"column":62}},"line":45}},"branchMap":{},"s":{"0":0,"1":0,"2":0,"3":0,"4":0,"5":0,"6":0,"7":0,"8":0,"9":0,"10":0,"11":0,"12":0,"13":0},"f":{"0":0,"1":0,"2":0,"3":0,"4":0},"b":{},"hash":"9c8d41911eb05fd5bbdf51cd0465747eec0ff7cf"}
,"C:\\Users\\Koulu\\Desktop\\Fullstack\\fullstack-websovelluskehitys2020\\osa5\\bloglist-frontend\\src\\components\\LoginForm.js": {"path":"C:\\Users\\Koulu\\Desktop\\Fullstack\\fullstack-websovelluskehitys2020\\osa5\\bloglist-frontend\\src\\components\\LoginForm.js","statementMap":{"0":{"start":{"line":4,"column":18},"end":{"line":34,"column":1}},"1":{"start":{"line":11,"column":2},"end":{"line":33,"column":3}},"2":{"start":{"line":36,"column":0},"end":{"line":42,"column":1}}},"fnMap":{"0":{"name":"(anonymous_0)","decl":{"start":{"line":4,"column":18},"end":{"line":4,"column":19}},"loc":{"start":{"line":10,"column":6},"end":{"line":34,"column":1}},"line":10}},"branchMap":{},"s":{"0":0,"1":0,"2":0},"f":{"0":0},"b":{},"hash":"ab74adec08750a436d83dc6e8fd83f51343a9081"}
,"C:\\Users\\Koulu\\Desktop\\Fullstack\\fullstack-websovelluskehitys2020\\osa5\\bloglist-frontend\\src\\components\\Togglable.js": {"path":"C:\\Users\\Koulu\\Desktop\\Fullstack\\fullstack-websovelluskehitys2020\\osa5\\bloglist-frontend\\src\\components\\Togglable.js","statementMap":{"0":{"start":{"line":4,"column":18},"end":{"line":29,"column":2}},"1":{"start":{"line":5,"column":32},"end":{"line":5,"column":47}},"2":{"start":{"line":7,"column":26},"end":{"line":7,"column":60}},"3":{"start":{"line":8,"column":26},"end":{"line":8,"column":60}},"4":{"start":{"line":10,"column":27},"end":{"line":12,"column":3}},"5":{"start":{"line":11,"column":4},"end":{"line":11,"column":24}},"6":{"start":{"line":14,"column":2},"end":{"line":16,"column":3}},"7":{"start":{"line":18,"column":2},"end":{"line":28,"column":3}}},"fnMap":{"0":{"name":"(anonymous_0)","decl":{"start":{"line":4,"column":35},"end":{"line":4,"column":36}},"loc":{"start":{"line":4,"column":51},"end":{"line":29,"column":1}},"line":4},"1":{"name":"(anonymous_1)","decl":{"start":{"line":10,"column":27},"end":{"line":10,"column":28}},"loc":{"start":{"line":10,"column":33},"end":{"line":12,"column":3}},"line":10}},"branchMap":{"0":{"loc":{"start":{"line":7,"column":37},"end":{"line":7,"column":58}},"type":"cond-expr","locations":[{"start":{"line":7,"column":47},"end":{"line":7,"column":53}},{"start":{"line":7,"column":56},"end":{"line":7,"column":58}}],"line":7},"1":{"loc":{"start":{"line":8,"column":37},"end":{"line":8,"column":58}},"type":"cond-expr","locations":[{"start":{"line":8,"column":47},"end":{"line":8,"column":49}},{"start":{"line":8,"column":52},"end":{"line":8,"column":58}}],"line":8}},"s":{"0":1,"1":7,"2":7,"3":7,"4":7,"5":3,"6":7,"7":7},"f":{"0":7,"1":3},"b":{"0":[2,5],"1":[2,5]},"_coverageSchema":"43e27e138ebf9cfc5966b082cf9a028302ed4184","hash":"e70271362b1c245fc4c631a04efb3c96182412fc"}
,"C:\\Users\\Koulu\\Desktop\\Fullstack\\fullstack-websovelluskehitys2020\\osa5\\bloglist-frontend\\src\\services\\blogs.js": {"path":"C:\\Users\\Koulu\\Desktop\\Fullstack\\fullstack-websovelluskehitys2020\\osa5\\bloglist-frontend\\src\\services\\blogs.js","statementMap":{"0":{"start":{"line":2,"column":16},"end":{"line":2,"column":28}},"1":{"start":{"line":4,"column":12},"end":{"line":4,"column":16}},"2":{"start":{"line":6,"column":17},"end":{"line":8,"column":1}},"3":{"start":{"line":7,"column":2},"end":{"line":7,"column":30}},"4":{"start":{"line":10,"column":15},"end":{"line":13,"column":1}},"5":{"start":{"line":11,"column":18},"end":{"line":11,"column":36}},"6":{"start":{"line":12,"column":2},"end":{"line":12,"column":50}},"7":{"start":{"line":12,"column":36},"end":{"line":12,"column":49}},"8":{"start":{"line":15,"column":15},"end":{"line":22,"column":1}},"9":{"start":{"line":16,"column":17},"end":{"line":18,"column":3}},"10":{"start":{"line":20,"column":19},"end":{"line":20,"column":63}},"11":{"start":{"line":21,"column":2},"end":{"line":21,"column":22}},"12":{"start":{"line":24,"column":15},"end":{"line":27,"column":1}},"13":{"start":{"line":25,"column":18},"end":{"line":25,"column":58}},"14":{"start":{"line":26,"column":2},"end":{"line":26,"column":50}},"15":{"start":{"line":26,"column":36},"end":{"line":26,"column":49}},"16":{"start":{"line":29,"column":15},"end":{"line":36,"column":1}},"17":{"start":{"line":30,"column":17},"end":{"line":32,"column":3}},"18":{"start":{"line":34,"column":19},"end":{"line":34,"column":65}},"19":{"start":{"line":35,"column":2},"end":{"line":35,"column":22}}},"fnMap":{"0":{"name":"(anonymous_0)","decl":{"start":{"line":6,"column":17},"end":{"line":6,"column":18}},"loc":{"start":{"line":6,"column":31},"end":{"line":8,"column":1}},"line":6},"1":{"name":"(anonymous_1)","decl":{"start":{"line":10,"column":15},"end":{"line":10,"column":16}},"loc":{"start":{"line":10,"column":21},"end":{"line":13,"column":1}},"line":10},"2":{"name":"(anonymous_2)","decl":{"start":{"line":12,"column":22},"end":{"line":12,"column":23}},"loc":{"start":{"line":12,"column":36},"end":{"line":12,"column":49}},"line":12},"3":{"name":"(anonymous_3)","decl":{"start":{"line":15,"column":15},"end":{"line":15,"column":16}},"loc":{"start":{"line":15,"column":36},"end":{"line":22,"column":1}},"line":15},"4":{"name":"(anonymous_4)","decl":{"start":{"line":24,"column":15},"end":{"line":24,"column":16}},"loc":{"start":{"line":24,"column":34},"end":{"line":27,"column":1}},"line":24},"5":{"name":"(anonymous_5)","decl":{"start":{"line":26,"column":22},"end":{"line":26,"column":23}},"loc":{"start":{"line":26,"column":36},"end":{"line":26,"column":49}},"line":26},"6":{"name":"(anonymous_6)","decl":{"start":{"line":29,"column":15},"end":{"line":29,"column":16}},"loc":{"start":{"line":29,"column":29},"end":{"line":36,"column":1}},"line":29}},"branchMap":{},"s":{"0":1,"1":1,"2":1,"3":0,"4":1,"5":0,"6":0,"7":0,"8":1,"9":0,"10":0,"11":0,"12":1,"13":0,"14":0,"15":0,"16":1,"17":0,"18":0,"19":0},"f":{"0":0,"1":0,"2":0,"3":0,"4":0,"5":0,"6":0},"b":{},"_coverageSchema":"43e27e138ebf9cfc5966b082cf9a028302ed4184","hash":"e94b71b570b430d29db4fd9a61428989c48dc9be"}
,"C:\\Users\\Koulu\\Desktop\\Fullstack\\fullstack-websovelluskehitys2020\\osa5\\bloglist-frontend\\src\\services\\login.js": {"path":"C:\\Users\\Koulu\\Desktop\\Fullstack\\fullstack-websovelluskehitys2020\\osa5\\bloglist-frontend\\src\\services\\login.js","statementMap":{"0":{"start":{"line":2,"column":16},"end":{"line":2,"column":28}},"1":{"start":{"line":4,"column":14},"end":{"line":7,"column":1}},"2":{"start":{"line":5,"column":19},"end":{"line":5,"column":57}},"3":{"start":{"line":6,"column":2},"end":{"line":6,"column":22}}},"fnMap":{"0":{"name":"(anonymous_0)","decl":{"start":{"line":4,"column":14},"end":{"line":4,"column":15}},"loc":{"start":{"line":4,"column":37},"end":{"line":7,"column":1}},"line":4}},"branchMap":{},"s":{"0":0,"1":0,"2":0,"3":0},"f":{"0":0},"b":{},"hash":"e109cbc1e5ab6f91d68bc4d15e14463a5f583033"}
}
