TN:
SF:C:\Users\Koulu\Desktop\Fullstack\fullstack-websovelluskehitys2020\osa5\bloglist-frontend\src\App.js
FN:9,(anonymous_0)
FN:17,(anonymous_1)
FN:18,(anonymous_2)
FN:21,(anonymous_3)
FN:30,(anonymous_4)
FN:37,(anonymous_5)
FN:51,(anonymous_6)
FN:57,(anonymous_7)
FN:58,(anonymous_8)
FN:61,(anonymous_9)
FN:67,(anonymous_10)
FN:73,(anonymous_11)
FN:79,(anonymous_12)
FN:84,(anonymous_13)
FN:85,(anonymous_14)
FN:104,(anonymous_15)
FN:111,(anonymous_16)
FN:112,(anonymous_17)
FNF:18
FNH:0
FNDA:0,(anonymous_0)
FNDA:0,(anonymous_1)
FNDA:0,(anonymous_2)
FNDA:0,(anonymous_3)
FNDA:0,(anonymous_4)
FNDA:0,(anonymous_5)
FNDA:0,(anonymous_6)
FNDA:0,(anonymous_7)
FNDA:0,(anonymous_8)
FNDA:0,(anonymous_9)
FNDA:0,(anonymous_10)
FNDA:0,(anonymous_11)
FNDA:0,(anonymous_12)
FNDA:0,(anonymous_13)
FNDA:0,(anonymous_14)
FNDA:0,(anonymous_15)
FNDA:0,(anonymous_16)
FNDA:0,(anonymous_17)
DA:9,0
DA:10,0
DA:11,0
DA:12,0
DA:13,0
DA:14,0
DA:15,0
DA:17,0
DA:18,0
DA:21,0
DA:22,0
DA:23,0
DA:24,0
DA:25,0
DA:26,0
DA:30,0
DA:31,0
DA:32,0
DA:34,0
DA:37,0
DA:38,0
DA:39,0
DA:40,0
DA:44,0
DA:45,0
DA:46,0
DA:47,0
DA:48,0
DA:50,0
DA:51,0
DA:52,0
DA:57,0
DA:58,0
DA:59,0
DA:60,0
DA:61,0
DA:62,0
DA:67,0
DA:68,0
DA:69,0
DA:70,0
DA:73,0
DA:74,0
DA:79,0
DA:80,0
DA:84,0
DA:85,0
DA:91,0
DA:104,0
DA:111,0
DA:113,0
LF:51
LH:0
BRDA:23,0,0,0
BRDA:23,0,1,0
BRDA:31,1,0,0
BRDA:31,1,1,0
BRDA:95,2,0,0
BRDA:95,2,1,0
BRDA:98,3,0,0
BRDA:98,3,1,0
BRF:8
BRH:0
end_of_record
TN:
SF:C:\Users\Koulu\Desktop\Fullstack\fullstack-websovelluskehitys2020\osa5\bloglist-frontend\src\index.js
FNF:0
FNH:0
DA:5,0
LF:1
LH:0
BRF:0
BRH:0
end_of_record
TN:
SF:C:\Users\Koulu\Desktop\Fullstack\fullstack-websovelluskehitys2020\osa5\bloglist-frontend\src\components\Blog.js
FN:4,(anonymous_0)
FN:15,(anonymous_1)
FN:27,(anonymous_2)
FN:38,(anonymous_3)
FN:43,(anonymous_4)
FN:49,(anonymous_5)
FN:54,(anonymous_6)
FNF:7
FNH:1
FNDA:1,(anonymous_0)
FNDA:0,(anonymous_1)
FNDA:0,(anonymous_2)
FNDA:0,(anonymous_3)
FNDA:0,(anonymous_4)
FNDA:0,(anonymous_5)
FNDA:0,(anonymous_6)
DA:4,1
DA:5,1
DA:7,1
DA:15,1
DA:16,0
DA:24,0
DA:27,1
DA:28,0
DA:29,0
DA:33,1
DA:38,0
DA:43,0
DA:49,0
DA:54,0
LF:14
LH:6
BRDA:28,0,0,0
BRDA:28,0,1,0
BRDA:35,1,0,1
BRDA:35,1,1,0
BRDA:51,2,0,0
BRDA:51,2,1,0
BRF:6
BRH:1
end_of_record
TN:
SF:C:\Users\Koulu\Desktop\Fullstack\fullstack-websovelluskehitys2020\osa5\bloglist-frontend\src\components\BlogForm.js
FN:3,(anonymous_0)
FN:8,(anonymous_1)
FN:29,(anonymous_2)
FN:37,(anonymous_3)
FN:45,(anonymous_4)
FNF:5
FNH:0
FNDA:0,(anonymous_0)
FNDA:0,(anonymous_1)
FNDA:0,(anonymous_2)
FNDA:0,(anonymous_3)
FNDA:0,(anonymous_4)
DA:3,0
DA:4,0
DA:5,0
DA:6,0
DA:8,0
DA:9,0
DA:10,0
DA:15,0
DA:16,0
DA:17,0
DA:20,0
DA:29,0
DA:37,0
DA:45,0
LF:14
LH:0
BRF:0
BRH:0
end_of_record
TN:
SF:C:\Users\Koulu\Desktop\Fullstack\fullstack-websovelluskehitys2020\osa5\bloglist-frontend\src\components\LoginForm.js
FN:4,(anonymous_0)
FNF:1
FNH:0
FNDA:0,(anonymous_0)
DA:4,0
DA:11,0
DA:36,0
LF:3
LH:0
BRF:0
BRH:0
end_of_record
TN:
SF:C:\Users\Koulu\Desktop\Fullstack\fullstack-websovelluskehitys2020\osa5\bloglist-frontend\src\components\Togglable.js
FN:4,(anonymous_0)
FN:10,(anonymous_1)
FNF:2
FNH:2
FNDA:7,(anonymous_0)
FNDA:3,(anonymous_1)
DA:4,1
DA:5,7
DA:7,7
DA:8,7
DA:10,7
DA:11,3
DA:14,7
DA:18,7
LF:8
LH:8
BRDA:7,0,0,2
BRDA:7,0,1,5
BRDA:8,1,0,2
BRDA:8,1,1,5
BRF:4
BRH:4
end_of_record
TN:
SF:C:\Users\Koulu\Desktop\Fullstack\fullstack-websovelluskehitys2020\osa5\bloglist-frontend\src\services\blogs.js
FN:6,(anonymous_0)
FN:10,(anonymous_1)
FN:12,(anonymous_2)
FN:15,(anonymous_3)
FN:24,(anonymous_4)
FN:26,(anonymous_5)
FN:29,(anonymous_6)
FNF:7
FNH:0
FNDA:0,(anonymous_0)
FNDA:0,(anonymous_1)
FNDA:0,(anonymous_2)
FNDA:0,(anonymous_3)
FNDA:0,(anonymous_4)
FNDA:0,(anonymous_5)
FNDA:0,(anonymous_6)
DA:2,1
DA:4,1
DA:6,1
DA:7,0
DA:10,1
DA:11,0
DA:12,0
DA:15,1
DA:16,0
DA:20,0
DA:21,0
DA:24,1
DA:25,0
DA:26,0
DA:29,1
DA:30,0
DA:34,0
DA:35,0
LF:18
LH:7
BRF:0
BRH:0
end_of_record
TN:
SF:C:\Users\Koulu\Desktop\Fullstack\fullstack-websovelluskehitys2020\osa5\bloglist-frontend\src\services\login.js
FN:4,(anonymous_0)
FNF:1
FNH:0
FNDA:0,(anonymous_0)
DA:2,0
DA:4,0
DA:5,0
DA:6,0
LF:4
LH:0
BRF:0
BRH:0
end_of_record
